<?xml version="1.0" encoding="UTF-8"?>
<!-- Generated by org.testng.reporters.JUnitReportReporter -->
<testsuite hostname="DESKTOP-QJ3QPCM" failures="0" tests="1" name="testPackage.Test3" time="6.463" errors="0" timestamp="2025-02-24T20:26:02 IST" skipped="0">
  <testcase classname="testPackage.Test3" name="verifTtextOnProductpage" time="6.463"/>
</testsuite> <!-- testPackage.Test3 -->
